===========2019/9/18 15:01:58===========
未安装avisynth,使用本地内置avs.

===========2019/9/18 15:02:05===========
"C:\Program Files (x86)\MarukoToolbox\tools\ffmpeg.exe" -i "D:\project_plan\cinoart\视频\中英文视频V2.1\catridge.mp4" -vn -sn -v 0 -c:a pcm_s16le -f wav pipe:|"C:\Program Files (x86)\MarukoToolbox\tools\neroAacEnc.exe" -ignorelength -lc -br 128000 -if - -of "C:\Program Files (x86)\MarukoToolbox\temp\catridge_atemp.mp4"
"C:\Program Files (x86)\MarukoToolbox\tools\x264_32-8bit.exe" --crf 23.5 --preset 8  -I 300 -r 4 -b 3 --me umh -i 1 --scenecut 60 -f 1:1 --qcomp 0.5 --psy-rd 0.3:0 --aq-mode 2 --aq-strength 0.8 -o "C:\Program Files (x86)\MarukoToolbox\temp\catridge_vtemp.mp4" "D:\project_plan\cinoart\视频\中英文视频V2.1\catridge.mp4"
"C:\Program Files (x86)\MarukoToolbox\tools\mp4box.exe" -add "C:\Program Files (x86)\MarukoToolbox\temp\catridge_vtemp.mp4#trackID=1:name=" -add "C:\Program Files (x86)\MarukoToolbox\temp\catridge_atemp.mp4#trackID=1:name=" -new "D:\project_plan\cinoart\视频\中英文视频V2.1\catridge_x264.mp4"

del "C:\Program Files (x86)\MarukoToolbox\temp\catridge_vtemp.mp4"
del "C:\Program Files (x86)\MarukoToolbox\temp\catridge_atemp.mp4"

echo ===== one file is completed! =====


===========2019/9/18 15:06:31===========
C:\Program Files (x86)\MarukoToolbox>"C:\Program Files (x86)\MarukoToolbox\tools\ffmpeg.exe" -i "D:\project_plan\cinoart\视频\中英文视频V2.1\catridge.mp4" -vn -sn -v 0 -c:a pcm_s16le -f wav pipe:  | "C:\Program Files (x86)\MarukoToolbox\tools\neroAacEnc.exe" -ignorelength -lc -br 128000 -if - -of "C:\Program Files (x86)\MarukoToolbox\temp\catridge_atemp.mp4" 
*************************************************************
*                                                           *
*  Nero AAC Encoder                                         *
*  Copyright 2009 Nero AG                                   *
*  All Rights Reserved Worldwide                            *
*                                                           *
*  Package build date: Feb 18 2010                          *
*  Package version:    1.5.4.0                              *
*                                                           *
*  See -help for a complete list of available parameters.   *
*                                                           *
*************************************************************
C:\Program Files (x86)\MarukoToolbox>"C:\Program Files (x86)\MarukoToolbox\tools\x264_32-8bit.exe" --crf 23.5 --preset 8  -I 300 -r 4 -b 3 --me umh -i 1 --scenecut 60 -f 1:1 --qcomp 0.5 --psy-rd 0.3:0 --aq-mode 2 --aq-strength 0.8 -o "C:\Program Files (x86)\MarukoToolbox\temp\catridge_vtemp.mp4" "D:\project_plan\cinoart\视频\中英文视频V2.1\catridge.mp4" 
[info]: indexing input file [0.4%]  
                                    
ffms [info]: 
 Format    : mov,mp4,m4a,3gp,3g2,mj2
 Codec     : h264
 PixFmt    : yuv420p
 Framerate : 30000/1001
 Timebase  : 1000/30000000
 Duration  : 0:00:56
ffms [info]: 1920x1080p 0:1 @ 30000/1001 fps (vfr)
ffms [info]: color matrix: bt709
x264 [info]: using cpu capabilities: MMX2 SSE2Fast SSSE3 SSE4.2 AVX FMA3 AVX2 LZCNT BMI2
x264 [info]: AVC Encoder x264 core 148 r2721+46 0c4b09a xiaowan [8-bit@all X86]
x264 [info]: profile: High, level: 4.0, subsampling: 4:2:0, bit-depth: 8-bit
x264 [info]: cabac=1 ref=4 deblock=1:1:1 analyse=0x3:0x133 me=umh subme=10 psy=1 fade_compensate=0.00 psy_rd=0.30:0.00 mixed_ref=1 me_range=24 chroma_me=1 trellis=2 8x8dct=1 cqm=0 deadzone=21,11 fast_pskip=1 chroma_qp_offset=-2 threads=6 lookahead_threads=1 sliced_threads=0 nr=0 decimate=1 interlaced=0 bluray_compat=0 constrained_intra=0 fgo=0 bframes=3 b_pyramid=2 b_adapt=2 b_bias=0 direct=3 weightb=1 open_gop=0 weightp=2 keyint=300 keyint_min=1 scenecut=60 intra_refresh=0 rc_lookahead=60 rc=crf mbtree=1 crf=23.5000 qcomp=0.50 qpmin=0:0:0 qpmax=69:69:69 qpstep=4 ip_ratio=1.40 aq=2:0.80 aq-sensitivity=10.00 aq-factor=1.00:1.00:1.00 aq2=0 aq3=0
x264 [info]: started at Wed Sep 18 15:02:08 2019
                                                                                                                       
x264 [info]: frame I:11    Avg QP:19.90  size: 92655
x264 [info]: frame P:529   Avg QP:25.34  size: 13524
x264 [info]: frame B:1159  Avg QP:30.35  size:  3298
x264 [info]: consecutive B-frames:  5.0%  8.2% 11.7% 75.1%
x264 [info]: mb I  I16..4: 44.1% 44.4% 11.5%
x264 [info]: mb P  I16..4: 18.2% 15.2%  0.6%  P16..4: 16.6%  2.0%  1.3%  0.0%  0.0%    skip:46.1%
x264 [info]: mb B  I16..4:  1.3%  1.2%  0.0%  B16..8: 16.1%  1.2%  0.2%  direct: 0.4%  skip:79.6%  L0:44.5% L1:52.9% BI: 2.6%
x264 [info]: 8x8 transform intra:45.0% inter:82.5%
x264 [info]: direct mvs  spatial:99.7% temporal:0.3%
x264 [info]: coded y,uvDC,uvAC intra: 12.9% 20.4% 1.8% inter: 2.3% 2.1% 0.0%
x264 [info]: i16 v,h,dc,p: 32% 21% 14% 34%
x264 [info]: i8 v,h,dc,ddl,ddr,vr,hd,vl,hu: 22%  9% 41%  4%  7%  6%  5%  4%  3%
x264 [info]: i4 v,h,dc,ddl,ddr,vr,hd,vl,hu: 25% 18% 23%  5%  9%  7%  6%  4%  4%
x264 [info]: i8c dc,h,v,p: 68% 14% 12%  5%
x264 [info]: Weighted P-Frames: Y:98.7% UV:1.3%
x264 [info]: ref P L0: 63.1% 14.1% 15.8%  6.3%  0.7%  0.0%
x264 [info]: ref B L0: 90.8%  7.3%  2.0%
x264 [info]: ref B L1: 96.9%  3.1%
x264 [info]: kb/s:1692.82
                                                        
encoded 1699 frames, 6.472 fps, 1692.94 kb/s, 11.44 MB
x264 [info]: ended at Wed Sep 18 15:06:31 2019
x264 [info]: encoding duration 0:04:23
C:\Program Files (x86)\MarukoToolbox>"C:\Program Files (x86)\MarukoToolbox\tools\mp4box.exe" -add "C:\Program Files (x86)\MarukoToolbox\temp\catridge_vtemp.mp4#trackID=1:name=" -add "C:\Program Files (x86)\MarukoToolbox\temp\catridge_atemp.mp4#trackID=1:name=" -new "D:\project_plan\cinoart\视频\中英文视频V2.1\catridge_x264.mp4" 
IsoMedia import catridge_vtemp.mp4 - track ID 1 - Video (size 1920 x 1080)
Importing ISO File: |                    | (01/100)
Importing ISO File: |                    | (02/100)
Importing ISO File: |                    | (03/100)
Importing ISO File: |                    | (04/100)
Importing ISO File: |=                   | (05/100)
Importing ISO File: |=                   | (06/100)
Importing ISO File: |=                   | (07/100)
Importing ISO File: |=                   | (08/100)
Importing ISO File: |=                   | (09/100)
Importing ISO File: |==                  | (10/100)
Importing ISO File: |==                  | (11/100)
Importing ISO File: |==                  | (12/100)
Importing ISO File: |==                  | (13/100)
Importing ISO File: |==                  | (14/100)
Importing ISO File: |===                 | (15/100)
Importing ISO File: |===                 | (16/100)
Importing ISO File: |===                 | (17/100)
Importing ISO File: |===                 | (18/100)
Importing ISO File: |===                 | (19/100)
Importing ISO File: |====                | (20/100)
Importing ISO File: |====                | (21/100)
Importing ISO File: |====                | (22/100)
Importing ISO File: |====                | (23/100)
Importing ISO File: |====                | (24/100)
Importing ISO File: |=====               | (25/100)
Importing ISO File: |=====               | (26/100)
Importing ISO File: |=====               | (27/100)
Importing ISO File: |=====               | (28/100)
Importing ISO File: |=====               | (29/100)
Importing ISO File: |======              | (30/100)
Importing ISO File: |======              | (31/100)
Importing ISO File: |======              | (32/100)
Importing ISO File: |======              | (33/100)
Importing ISO File: |======              | (34/100)
Importing ISO File: |=======             | (35/100)
Importing ISO File: |=======             | (36/100)
Importing ISO File: |=======             | (37/100)
Importing ISO File: |=======             | (38/100)
Importing ISO File: |=======             | (39/100)
Importing ISO File: |========            | (40/100)
Importing ISO File: |========            | (41/100)
Importing ISO File: |========            | (42/100)
Importing ISO File: |========            | (43/100)
Importing ISO File: |========            | (44/100)
Importing ISO File: |=========           | (45/100)
Importing ISO File: |=========           | (46/100)
Importing ISO File: |=========           | (47/100)
Importing ISO File: |=========           | (48/100)
Importing ISO File: |=========           | (49/100)
Importing ISO File: |==========          | (50/100)
Importing ISO File: |==========          | (51/100)
Importing ISO File: |==========          | (52/100)
Importing ISO File: |==========          | (53/100)
Importing ISO File: |==========          | (54/100)
Importing ISO File: |===========         | (55/100)
Importing ISO File: |===========         | (56/100)
Importing ISO File: |===========         | (57/100)
Importing ISO File: |===========         | (58/100)
Importing ISO File: |===========         | (59/100)
Importing ISO File: |============        | (60/100)
Importing ISO File: |============        | (61/100)
Importing ISO File: |============        | (62/100)
Importing ISO File: |============        | (63/100)
Importing ISO File: |============        | (64/100)
Importing ISO File: |=============       | (65/100)
Importing ISO File: |=============       | (66/100)
Importing ISO File: |=============       | (67/100)
Importing ISO File: |=============       | (68/100)
Importing ISO File: |=============       | (69/100)
Importing ISO File: |==============      | (70/100)
Importing ISO File: |==============      | (71/100)
Importing ISO File: |==============      | (72/100)
Importing ISO File: |==============      | (73/100)
Importing ISO File: |==============      | (74/100)
Importing ISO File: |===============     | (75/100)
Importing ISO File: |===============     | (76/100)
Importing ISO File: |===============     | (77/100)
Importing ISO File: |===============     | (78/100)
Importing ISO File: |===============     | (79/100)
Importing ISO File: |================    | (80/100)
Importing ISO File: |================    | (81/100)
Importing ISO File: |================    | (82/100)
Importing ISO File: |================    | (83/100)
Importing ISO File: |================    | (84/100)
Importing ISO File: |=================   | (85/100)
Importing ISO File: |=================   | (86/100)
Importing ISO File: |=================   | (87/100)
Importing ISO File: |=================   | (88/100)
Importing ISO File: |=================   | (89/100)
Importing ISO File: |==================  | (90/100)
Importing ISO File: |==================  | (91/100)
Importing ISO File: |==================  | (92/100)
Importing ISO File: |==================  | (93/100)
Importing ISO File: |==================  | (94/100)
Importing ISO File: |=================== | (95/100)
Importing ISO File: |=================== | (96/100)
Importing ISO File: |=================== | (97/100)
Importing ISO File: |=================== | (98/100)
Importing ISO File: |=================== | (99/100)
                                                          
IsoMedia import catridge_atemp.mp4 - track ID 1 - Audio (SR 48000 - 2 channels)
Importing ISO File: |                    | (01/100)
Importing ISO File: |                    | (02/100)
Importing ISO File: |                    | (03/100)
Importing ISO File: |                    | (04/100)
Importing ISO File: |=                   | (05/100)
Importing ISO File: |=                   | (06/100)
Importing ISO File: |=                   | (07/100)
Importing ISO File: |=                   | (08/100)
Importing ISO File: |=                   | (09/100)
Importing ISO File: |==                  | (10/100)
Importing ISO File: |==                  | (11/100)
Importing ISO File: |==                  | (12/100)
Importing ISO File: |==                  | (13/100)
Importing ISO File: |==                  | (14/100)
Importing ISO File: |===                 | (15/100)
Importing ISO File: |===                 | (16/100)
Importing ISO File: |===                 | (17/100)
Importing ISO File: |===                 | (18/100)
Importing ISO File: |===                 | (19/100)
Importing ISO File: |====                | (20/100)
Importing ISO File: |====                | (21/100)
Importing ISO File: |====                | (22/100)
Importing ISO File: |====                | (23/100)
Importing ISO File: |====                | (24/100)
Importing ISO File: |=====               | (25/100)
Importing ISO File: |=====               | (26/100)
Importing ISO File: |=====               | (27/100)
Importing ISO File: |=====               | (28/100)
Importing ISO File: |=====               | (29/100)
Importing ISO File: |======              | (30/100)
Importing ISO File: |======              | (31/100)
Importing ISO File: |======              | (32/100)
Importing ISO File: |======              | (33/100)
Importing ISO File: |======              | (34/100)
Importing ISO File: |=======             | (35/100)
Importing ISO File: |=======             | (36/100)
Importing ISO File: |=======             | (37/100)
Importing ISO File: |=======             | (38/100)
Importing ISO File: |=======             | (39/100)
Importing ISO File: |========            | (40/100)
Importing ISO File: |========            | (41/100)
Importing ISO File: |========            | (42/100)
Importing ISO File: |========            | (43/100)
Importing ISO File: |========            | (44/100)
Importing ISO File: |=========           | (45/100)
Importing ISO File: |=========           | (46/100)
Importing ISO File: |=========           | (47/100)
Importing ISO File: |=========           | (48/100)
Importing ISO File: |=========           | (49/100)
Importing ISO File: |==========          | (50/100)
Importing ISO File: |==========          | (51/100)
Importing ISO File: |==========          | (52/100)
Importing ISO File: |==========          | (53/100)
Importing ISO File: |==========          | (54/100)
Importing ISO File: |===========         | (55/100)
Importing ISO File: |===========         | (56/100)
Importing ISO File: |===========         | (57/100)
Importing ISO File: |===========         | (58/100)
Importing ISO File: |===========         | (59/100)
Importing ISO File: |============        | (60/100)
Importing ISO File: |============        | (61/100)
Importing ISO File: |============        | (62/100)
Importing ISO File: |============        | (63/100)
Importing ISO File: |============        | (64/100)
Importing ISO File: |=============       | (65/100)
Importing ISO File: |=============       | (66/100)
Importing ISO File: |=============       | (67/100)
Importing ISO File: |=============       | (68/100)
Importing ISO File: |=============       | (69/100)
Importing ISO File: |==============      | (70/100)
Importing ISO File: |==============      | (71/100)
Importing ISO File: |==============      | (72/100)
Importing ISO File: |==============      | (73/100)
Importing ISO File: |==============      | (74/100)
Importing ISO File: |===============     | (75/100)
Importing ISO File: |===============     | (76/100)
Importing ISO File: |===============     | (77/100)
Importing ISO File: |===============     | (78/100)
Importing ISO File: |===============     | (79/100)
Importing ISO File: |================    | (80/100)
Importing ISO File: |================    | (81/100)
Importing ISO File: |================    | (82/100)
Importing ISO File: |================    | (83/100)
Importing ISO File: |================    | (84/100)
Importing ISO File: |=================   | (85/100)
Importing ISO File: |=================   | (86/100)
Importing ISO File: |=================   | (87/100)
Importing ISO File: |=================   | (88/100)
Importing ISO File: |=================   | (89/100)
Importing ISO File: |==================  | (90/100)
Importing ISO File: |==================  | (91/100)
Importing ISO File: |==================  | (92/100)
Importing ISO File: |==================  | (93/100)
Importing ISO File: |==================  | (94/100)
Importing ISO File: |=================== | (95/100)
Importing ISO File: |=================== | (96/100)
Importing ISO File: |=================== | (97/100)
Importing ISO File: |=================== | (98/100)
Importing ISO File: |=================== | (99/100)
                                                          
Saving D:\project_plan\cinoart\视频\中英文视频V2.1\catridge_x264.mp4: 0.500 secs Interleaving
ISO File Writing: |                    | (01/100)
ISO File Writing: |                    | (02/100)
ISO File Writing: |                    | (03/100)
ISO File Writing: |                    | (04/100)
ISO File Writing: |=                   | (05/100)
ISO File Writing: |=                   | (06/100)
ISO File Writing: |=                   | (07/100)
ISO File Writing: |=                   | (08/100)
ISO File Writing: |=                   | (09/100)
ISO File Writing: |==                  | (10/100)
ISO File Writing: |==                  | (11/100)
ISO File Writing: |==                  | (12/100)
ISO File Writing: |==                  | (13/100)
ISO File Writing: |==                  | (14/100)
ISO File Writing: |===                 | (15/100)
ISO File Writing: |===                 | (16/100)
ISO File Writing: |===                 | (17/100)
ISO File Writing: |===                 | (18/100)
ISO File Writing: |===                 | (19/100)
ISO File Writing: |====                | (20/100)
ISO File Writing: |====                | (21/100)
ISO File Writing: |====                | (22/100)
ISO File Writing: |====                | (23/100)
ISO File Writing: |====                | (24/100)
ISO File Writing: |=====               | (25/100)
ISO File Writing: |=====               | (26/100)
ISO File Writing: |=====               | (27/100)
ISO File Writing: |=====               | (28/100)
ISO File Writing: |=====               | (29/100)
ISO File Writing: |======              | (30/100)
ISO File Writing: |======              | (31/100)
ISO File Writing: |======              | (32/100)
ISO File Writing: |======              | (33/100)
ISO File Writing: |======              | (34/100)
ISO File Writing: |=======             | (35/100)
ISO File Writing: |=======             | (36/100)
ISO File Writing: |=======             | (37/100)
ISO File Writing: |=======             | (38/100)
ISO File Writing: |=======             | (39/100)
ISO File Writing: |========            | (40/100)
ISO File Writing: |========            | (41/100)
ISO File Writing: |========            | (42/100)
ISO File Writing: |========            | (43/100)
ISO File Writing: |========            | (44/100)
ISO File Writing: |=========           | (45/100)
ISO File Writing: |=========           | (46/100)
ISO File Writing: |=========           | (47/100)
ISO File Writing: |=========           | (48/100)
ISO File Writing: |=========           | (49/100)
ISO File Writing: |==========          | (50/100)
ISO File Writing: |==========          | (51/100)
ISO File Writing: |==========          | (52/100)
ISO File Writing: |==========          | (53/100)
ISO File Writing: |==========          | (54/100)
ISO File Writing: |===========         | (55/100)
ISO File Writing: |===========         | (56/100)
ISO File Writing: |===========         | (57/100)
ISO File Writing: |===========         | (58/100)
ISO File Writing: |===========         | (59/100)
ISO File Writing: |============        | (60/100)
ISO File Writing: |============        | (61/100)
ISO File Writing: |============        | (62/100)
ISO File Writing: |============        | (63/100)
ISO File Writing: |============        | (64/100)
ISO File Writing: |=============       | (65/100)
ISO File Writing: |=============       | (66/100)
ISO File Writing: |=============       | (67/100)
ISO File Writing: |=============       | (68/100)
ISO File Writing: |=============       | (69/100)
ISO File Writing: |==============      | (70/100)
ISO File Writing: |==============      | (71/100)
ISO File Writing: |==============      | (72/100)
ISO File Writing: |==============      | (73/100)
ISO File Writing: |==============      | (74/100)
ISO File Writing: |===============     | (75/100)
ISO File Writing: |===============     | (76/100)
ISO File Writing: |===============     | (77/100)
ISO File Writing: |===============     | (78/100)
ISO File Writing: |===============     | (79/100)
ISO File Writing: |================    | (80/100)
ISO File Writing: |================    | (81/100)
ISO File Writing: |================    | (82/100)
ISO File Writing: |================    | (83/100)
ISO File Writing: |================    | (84/100)
ISO File Writing: |=================   | (85/100)
ISO File Writing: |=================   | (86/100)
ISO File Writing: |=================   | (87/100)
ISO File Writing: |=================   | (88/100)
ISO File Writing: |=================   | (89/100)
ISO File Writing: |==================  | (90/100)
ISO File Writing: |==================  | (91/100)
ISO File Writing: |==================  | (92/100)
ISO File Writing: |==================  | (93/100)
ISO File Writing: |==================  | (94/100)
ISO File Writing: |=================== | (95/100)
ISO File Writing: |=================== | (96/100)
ISO File Writing: |=================== | (97/100)
ISO File Writing: |=================== | (98/100)
ISO File Writing: |=================== | (99/100)
                                                        
C:\Program Files (x86)\MarukoToolbox>del "C:\Program Files (x86)\MarukoToolbox\temp\catridge_vtemp.mp4" 
C:\Program Files (x86)\MarukoToolbox>del "C:\Program Files (x86)\MarukoToolbox\temp\catridge_atemp.mp4" 
C:\Program Files (x86)\MarukoToolbox>echo ===== one file is completed! ===== 
===== one file is completed! =====


===========2019/9/18 15:09:08===========
"C:\Program Files (x86)\MarukoToolbox\tools\ffmpeg.exe" -i "D:\project_plan\cinoart\视频\中英文视频V2.1\setup.mp4" -vn -sn -v 0 -c:a pcm_s16le -f wav pipe:|"C:\Program Files (x86)\MarukoToolbox\tools\neroAacEnc.exe" -ignorelength -lc -br 128000 -if - -of "C:\Program Files (x86)\MarukoToolbox\temp\setup_atemp.mp4"
"C:\Program Files (x86)\MarukoToolbox\tools\x264_32-8bit.exe" --crf 23.5 --preset 8  -I 300 -r 4 -b 3 --me umh -i 1 --scenecut 60 -f 1:1 --qcomp 0.5 --psy-rd 0.3:0 --aq-mode 2 --aq-strength 0.8 -o "C:\Program Files (x86)\MarukoToolbox\temp\setup_vtemp.mp4" "D:\project_plan\cinoart\视频\中英文视频V2.1\setup.mp4"
"C:\Program Files (x86)\MarukoToolbox\tools\mp4box.exe" -add "C:\Program Files (x86)\MarukoToolbox\temp\setup_vtemp.mp4#trackID=1:name=" -add "C:\Program Files (x86)\MarukoToolbox\temp\setup_atemp.mp4#trackID=1:name=" -new "D:\project_plan\cinoart\视频\中英文视频V2.1\setup_x264.mp4"

del "C:\Program Files (x86)\MarukoToolbox\temp\setup_vtemp.mp4"
del "C:\Program Files (x86)\MarukoToolbox\temp\setup_atemp.mp4"

echo ===== one file is completed! =====


===========2019/9/18 15:13:26===========
C:\Program Files (x86)\MarukoToolbox>"C:\Program Files (x86)\MarukoToolbox\tools\ffmpeg.exe" -i "D:\project_plan\cinoart\视频\中英文视频V2.1\setup.mp4" -vn -sn -v 0 -c:a pcm_s16le -f wav pipe:  | "C:\Program Files (x86)\MarukoToolbox\tools\neroAacEnc.exe" -ignorelength -lc -br 128000 -if - -of "C:\Program Files (x86)\MarukoToolbox\temp\setup_atemp.mp4" 
*************************************************************
*                                                           *
*  Nero AAC Encoder                                         *
*  Copyright 2009 Nero AG                                   *
*  All Rights Reserved Worldwide                            *
*                                                           *
*  Package build date: Feb 18 2010                          *
*  Package version:    1.5.4.0                              *
*                                                           *
*  See -help for a complete list of available parameters.   *
*                                                           *
*************************************************************
C:\Program Files (x86)\MarukoToolbox>"C:\Program Files (x86)\MarukoToolbox\tools\x264_32-8bit.exe" --crf 23.5 --preset 8  -I 300 -r 4 -b 3 --me umh -i 1 --scenecut 60 -f 1:1 --qcomp 0.5 --psy-rd 0.3:0 --aq-mode 2 --aq-strength 0.8 -o "C:\Program Files (x86)\MarukoToolbox\temp\setup_vtemp.mp4" "D:\project_plan\cinoart\视频\中英文视频V2.1\setup.mp4" 
[info]: indexing input file [0.3%]  
                                    
ffms [info]: 
 Format    : mov,mp4,m4a,3gp,3g2,mj2
 Codec     : h264
 PixFmt    : yuv420p
 Framerate : 30000/1001
 Timebase  : 1000/30000000
 Duration  : 0:01:03
ffms [info]: 1920x1080p 0:1 @ 30000/1001 fps (vfr)
ffms [info]: color matrix: bt709
x264 [info]: using cpu capabilities: MMX2 SSE2Fast SSSE3 SSE4.2 AVX FMA3 AVX2 LZCNT BMI2
x264 [info]: AVC Encoder x264 core 148 r2721+46 0c4b09a xiaowan [8-bit@all X86]
x264 [info]: profile: High, level: 4.0, subsampling: 4:2:0, bit-depth: 8-bit
x264 [info]: cabac=1 ref=4 deblock=1:1:1 analyse=0x3:0x133 me=umh subme=10 psy=1 fade_compensate=0.00 psy_rd=0.30:0.00 mixed_ref=1 me_range=24 chroma_me=1 trellis=2 8x8dct=1 cqm=0 deadzone=21,11 fast_pskip=1 chroma_qp_offset=-2 threads=6 lookahead_threads=1 sliced_threads=0 nr=0 decimate=1 interlaced=0 bluray_compat=0 constrained_intra=0 fgo=0 bframes=3 b_pyramid=2 b_adapt=2 b_bias=0 direct=3 weightb=1 open_gop=0 weightp=2 keyint=300 keyint_min=1 scenecut=60 intra_refresh=0 rc_lookahead=60 rc=crf mbtree=1 crf=23.5000 qcomp=0.50 qpmin=0:0:0 qpmax=69:69:69 qpstep=4 ip_ratio=1.40 aq=2:0.80 aq-sensitivity=10.00 aq-factor=1.00:1.00:1.00 aq2=0 aq3=0
x264 [info]: started at Wed Sep 18 15:09:10 2019
                                                                                                                       
x264 [info]: frame I:13    Avg QP:22.41  size: 65055
x264 [info]: frame P:558   Avg QP:24.84  size: 13796
x264 [info]: frame B:1338  Avg QP:29.10  size:  1958
x264 [info]: consecutive B-frames:  3.4%  5.8% 11.5% 79.4%
x264 [info]: mb I  I16..4: 41.5% 44.0% 14.4%
x264 [info]: mb P  I16..4: 14.6%  9.4%  0.6%  P16..4: 22.3%  2.3%  2.1%  0.0%  0.0%    skip:48.6%
x264 [info]: mb B  I16..4:  0.7%  0.5%  0.0%  B16..8: 15.5%  0.6%  0.1%  direct: 0.2%  skip:82.4%  L0:40.9% L1:57.2% BI: 1.9%
x264 [info]: 8x8 transform intra:39.0% inter:68.9%
x264 [info]: direct mvs  spatial:99.7% temporal:0.3%
x264 [info]: coded y,uvDC,uvAC intra: 11.0% 19.4% 2.3% inter: 2.3% 2.7% 0.1%
x264 [info]: i16 v,h,dc,p: 34% 26% 14% 26%
x264 [info]: i8 v,h,dc,ddl,ddr,vr,hd,vl,hu: 18% 12% 53%  2%  3%  3%  3%  3%  3%
x264 [info]: i4 v,h,dc,ddl,ddr,vr,hd,vl,hu: 28% 23% 23%  4%  5%  5%  4%  4%  5%
x264 [info]: i8c dc,h,v,p: 69% 16% 12%  3%
x264 [info]: Weighted P-Frames: Y:98.0% UV:4.5%
x264 [info]: ref P L0: 57.5% 13.4% 20.3%  7.8%  1.0%  0.0%
x264 [info]: ref B L0: 84.0% 12.6%  3.3%
x264 [info]: ref B L1: 93.9%  6.1%
x264 [info]: kb/s:1402.09
                                                        
encoded 1909 frames, 7.468 fps, 1402.19 kb/s, 10.65 MB
x264 [info]: ended at Wed Sep 18 15:13:26 2019
x264 [info]: encoding duration 0:04:16
C:\Program Files (x86)\MarukoToolbox>"C:\Program Files (x86)\MarukoToolbox\tools\mp4box.exe" -add "C:\Program Files (x86)\MarukoToolbox\temp\setup_vtemp.mp4#trackID=1:name=" -add "C:\Program Files (x86)\MarukoToolbox\temp\setup_atemp.mp4#trackID=1:name=" -new "D:\project_plan\cinoart\视频\中英文视频V2.1\setup_x264.mp4" 
IsoMedia import setup_vtemp.mp4 - track ID 1 - Video (size 1920 x 1080)
Importing ISO File: |                    | (01/100)
Importing ISO File: |                    | (02/100)
Importing ISO File: |                    | (03/100)
Importing ISO File: |                    | (04/100)
Importing ISO File: |=                   | (05/100)
Importing ISO File: |=                   | (06/100)
Importing ISO File: |=                   | (07/100)
Importing ISO File: |=                   | (08/100)
Importing ISO File: |=                   | (09/100)
Importing ISO File: |==                  | (10/100)
Importing ISO File: |==                  | (11/100)
Importing ISO File: |==                  | (12/100)
Importing ISO File: |==                  | (13/100)
Importing ISO File: |==                  | (14/100)
Importing ISO File: |===                 | (15/100)
Importing ISO File: |===                 | (16/100)
Importing ISO File: |===                 | (17/100)
Importing ISO File: |===                 | (18/100)
Importing ISO File: |===                 | (19/100)
Importing ISO File: |====                | (20/100)
Importing ISO File: |====                | (21/100)
Importing ISO File: |====                | (22/100)
Importing ISO File: |====                | (23/100)
Importing ISO File: |====                | (24/100)
Importing ISO File: |=====               | (25/100)
Importing ISO File: |=====               | (26/100)
Importing ISO File: |=====               | (27/100)
Importing ISO File: |=====               | (28/100)
Importing ISO File: |=====               | (29/100)
Importing ISO File: |======              | (30/100)
Importing ISO File: |======              | (31/100)
Importing ISO File: |======              | (32/100)
Importing ISO File: |======              | (33/100)
Importing ISO File: |======              | (34/100)
Importing ISO File: |=======             | (35/100)
Importing ISO File: |=======             | (36/100)
Importing ISO File: |=======             | (37/100)
Importing ISO File: |=======             | (38/100)
Importing ISO File: |=======             | (39/100)
Importing ISO File: |========            | (40/100)
Importing ISO File: |========            | (41/100)
Importing ISO File: |========            | (42/100)
Importing ISO File: |========            | (43/100)
Importing ISO File: |========            | (44/100)
Importing ISO File: |=========           | (45/100)
Importing ISO File: |=========           | (46/100)
Importing ISO File: |=========           | (47/100)
Importing ISO File: |=========           | (48/100)
Importing ISO File: |=========           | (49/100)
Importing ISO File: |==========          | (50/100)
Importing ISO File: |==========          | (51/100)
Importing ISO File: |==========          | (52/100)
Importing ISO File: |==========          | (53/100)
Importing ISO File: |==========          | (54/100)
Importing ISO File: |===========         | (55/100)
Importing ISO File: |===========         | (56/100)
Importing ISO File: |===========         | (57/100)
Importing ISO File: |===========         | (58/100)
Importing ISO File: |===========         | (59/100)
Importing ISO File: |============        | (60/100)
Importing ISO File: |============        | (61/100)
Importing ISO File: |============        | (62/100)
Importing ISO File: |============        | (63/100)
Importing ISO File: |============        | (64/100)
Importing ISO File: |=============       | (65/100)
Importing ISO File: |=============       | (66/100)
Importing ISO File: |=============       | (67/100)
Importing ISO File: |=============       | (68/100)
Importing ISO File: |=============       | (69/100)
Importing ISO File: |==============      | (70/100)
Importing ISO File: |==============      | (71/100)
Importing ISO File: |==============      | (72/100)
Importing ISO File: |==============      | (73/100)
Importing ISO File: |==============      | (74/100)
Importing ISO File: |===============     | (75/100)
Importing ISO File: |===============     | (76/100)
Importing ISO File: |===============     | (77/100)
Importing ISO File: |===============     | (78/100)
Importing ISO File: |===============     | (79/100)
Importing ISO File: |================    | (80/100)
Importing ISO File: |================    | (81/100)
Importing ISO File: |================    | (82/100)
Importing ISO File: |================    | (83/100)
Importing ISO File: |================    | (84/100)
Importing ISO File: |=================   | (85/100)
Importing ISO File: |=================   | (86/100)
Importing ISO File: |=================   | (87/100)
Importing ISO File: |=================   | (88/100)
Importing ISO File: |=================   | (89/100)
Importing ISO File: |==================  | (90/100)
Importing ISO File: |==================  | (91/100)
Importing ISO File: |==================  | (92/100)
Importing ISO File: |==================  | (93/100)
Importing ISO File: |==================  | (94/100)
Importing ISO File: |=================== | (95/100)
Importing ISO File: |=================== | (96/100)
Importing ISO File: |=================== | (97/100)
Importing ISO File: |=================== | (98/100)
Importing ISO File: |=================== | (99/100)
                                                          
IsoMedia import setup_atemp.mp4 - track ID 1 - Audio (SR 48000 - 2 channels)
Importing ISO File: |                    | (01/100)
Importing ISO File: |                    | (02/100)
Importing ISO File: |                    | (03/100)
Importing ISO File: |                    | (04/100)
Importing ISO File: |=                   | (05/100)
Importing ISO File: |=                   | (06/100)
Importing ISO File: |=                   | (07/100)
Importing ISO File: |=                   | (08/100)
Importing ISO File: |=                   | (09/100)
Importing ISO File: |==                  | (10/100)
Importing ISO File: |==                  | (11/100)
Importing ISO File: |==                  | (12/100)
Importing ISO File: |==                  | (13/100)
Importing ISO File: |==                  | (14/100)
Importing ISO File: |===                 | (15/100)
Importing ISO File: |===                 | (16/100)
Importing ISO File: |===                 | (17/100)
Importing ISO File: |===                 | (18/100)
Importing ISO File: |===                 | (19/100)
Importing ISO File: |====                | (20/100)
Importing ISO File: |====                | (21/100)
Importing ISO File: |====                | (22/100)
Importing ISO File: |====                | (23/100)
Importing ISO File: |====                | (24/100)
Importing ISO File: |=====               | (25/100)
Importing ISO File: |=====               | (26/100)
Importing ISO File: |=====               | (27/100)
Importing ISO File: |=====               | (28/100)
Importing ISO File: |=====               | (29/100)
Importing ISO File: |======              | (30/100)
Importing ISO File: |======              | (31/100)
Importing ISO File: |======              | (32/100)
Importing ISO File: |======              | (33/100)
Importing ISO File: |======              | (34/100)
Importing ISO File: |=======             | (35/100)
Importing ISO File: |=======             | (36/100)
Importing ISO File: |=======             | (37/100)
Importing ISO File: |=======             | (38/100)
Importing ISO File: |=======             | (39/100)
Importing ISO File: |========            | (40/100)
Importing ISO File: |========            | (41/100)
Importing ISO File: |========            | (42/100)
Importing ISO File: |========            | (43/100)
Importing ISO File: |========            | (44/100)
Importing ISO File: |=========           | (45/100)
Importing ISO File: |=========           | (46/100)
Importing ISO File: |=========           | (47/100)
Importing ISO File: |=========           | (48/100)
Importing ISO File: |=========           | (49/100)
Importing ISO File: |==========          | (50/100)
Importing ISO File: |==========          | (51/100)
Importing ISO File: |==========          | (52/100)
Importing ISO File: |==========          | (53/100)
Importing ISO File: |==========          | (54/100)
Importing ISO File: |===========         | (55/100)
Importing ISO File: |===========         | (56/100)
Importing ISO File: |===========         | (57/100)
Importing ISO File: |===========         | (58/100)
Importing ISO File: |===========         | (59/100)
Importing ISO File: |============        | (60/100)
Importing ISO File: |============        | (61/100)
Importing ISO File: |============        | (62/100)
Importing ISO File: |============        | (63/100)
Importing ISO File: |============        | (64/100)
Importing ISO File: |=============       | (65/100)
Importing ISO File: |=============       | (66/100)
Importing ISO File: |=============       | (67/100)
Importing ISO File: |=============       | (68/100)
Importing ISO File: |=============       | (69/100)
Importing ISO File: |==============      | (70/100)
Importing ISO File: |==============      | (71/100)
Importing ISO File: |==============      | (72/100)
Importing ISO File: |==============      | (73/100)
Importing ISO File: |==============      | (74/100)
Importing ISO File: |===============     | (75/100)
Importing ISO File: |===============     | (76/100)
Importing ISO File: |===============     | (77/100)
Importing ISO File: |===============     | (78/100)
Importing ISO File: |===============     | (79/100)
Importing ISO File: |================    | (80/100)
Importing ISO File: |================    | (81/100)
Importing ISO File: |================    | (82/100)
Importing ISO File: |================    | (83/100)
Importing ISO File: |================    | (84/100)
Importing ISO File: |=================   | (85/100)
Importing ISO File: |=================   | (86/100)
Importing ISO File: |=================   | (87/100)
Importing ISO File: |=================   | (88/100)
Importing ISO File: |=================   | (89/100)
Importing ISO File: |==================  | (90/100)
Importing ISO File: |==================  | (91/100)
Importing ISO File: |==================  | (92/100)
Importing ISO File: |==================  | (93/100)
Importing ISO File: |==================  | (94/100)
Importing ISO File: |=================== | (95/100)
Importing ISO File: |=================== | (96/100)
Importing ISO File: |=================== | (97/100)
Importing ISO File: |=================== | (98/100)
Importing ISO File: |=================== | (99/100)
                                                          
Saving D:\project_plan\cinoart\视频\中英文视频V2.1\setup_x264.mp4: 0.500 secs Interleaving
ISO File Writing: |                    | (01/100)
ISO File Writing: |                    | (02/100)
ISO File Writing: |                    | (03/100)
ISO File Writing: |                    | (04/100)
ISO File Writing: |=                   | (05/100)
ISO File Writing: |=                   | (06/100)
ISO File Writing: |=                   | (07/100)
ISO File Writing: |=                   | (08/100)
ISO File Writing: |=                   | (09/100)
ISO File Writing: |==                  | (10/100)
ISO File Writing: |==                  | (11/100)
ISO File Writing: |==                  | (12/100)
ISO File Writing: |==                  | (13/100)
ISO File Writing: |==                  | (14/100)
ISO File Writing: |===                 | (15/100)
ISO File Writing: |===                 | (16/100)
ISO File Writing: |===                 | (17/100)
ISO File Writing: |===                 | (18/100)
ISO File Writing: |===                 | (19/100)
ISO File Writing: |====                | (20/100)
ISO File Writing: |====                | (21/100)
ISO File Writing: |====                | (22/100)
ISO File Writing: |====                | (23/100)
ISO File Writing: |====                | (24/100)
ISO File Writing: |=====               | (25/100)
ISO File Writing: |=====               | (26/100)
ISO File Writing: |=====               | (27/100)
ISO File Writing: |=====               | (28/100)
ISO File Writing: |=====               | (29/100)
ISO File Writing: |======              | (30/100)
ISO File Writing: |======              | (31/100)
ISO File Writing: |======              | (32/100)
ISO File Writing: |======              | (33/100)
ISO File Writing: |======              | (34/100)
ISO File Writing: |=======             | (35/100)
ISO File Writing: |=======             | (36/100)
ISO File Writing: |=======             | (37/100)
ISO File Writing: |=======             | (38/100)
ISO File Writing: |=======             | (39/100)
ISO File Writing: |========            | (40/100)
ISO File Writing: |========            | (41/100)
ISO File Writing: |========            | (42/100)
ISO File Writing: |========            | (43/100)
ISO File Writing: |========            | (44/100)
ISO File Writing: |=========           | (45/100)
ISO File Writing: |=========           | (46/100)
ISO File Writing: |=========           | (47/100)
ISO File Writing: |=========           | (48/100)
ISO File Writing: |=========           | (49/100)
ISO File Writing: |==========          | (50/100)
ISO File Writing: |==========          | (51/100)
ISO File Writing: |==========          | (52/100)
ISO File Writing: |==========          | (53/100)
ISO File Writing: |==========          | (54/100)
ISO File Writing: |===========         | (55/100)
ISO File Writing: |===========         | (56/100)
ISO File Writing: |===========         | (57/100)
ISO File Writing: |===========         | (58/100)
ISO File Writing: |===========         | (59/100)
ISO File Writing: |============        | (60/100)
ISO File Writing: |============        | (61/100)
ISO File Writing: |============        | (62/100)
ISO File Writing: |============        | (63/100)
ISO File Writing: |============        | (64/100)
ISO File Writing: |=============       | (65/100)
ISO File Writing: |=============       | (66/100)
ISO File Writing: |=============       | (67/100)
ISO File Writing: |=============       | (68/100)
ISO File Writing: |=============       | (69/100)
ISO File Writing: |==============      | (70/100)
ISO File Writing: |==============      | (71/100)
ISO File Writing: |==============      | (72/100)
ISO File Writing: |==============      | (73/100)
ISO File Writing: |==============      | (74/100)
ISO File Writing: |===============     | (75/100)
ISO File Writing: |===============     | (76/100)
ISO File Writing: |===============     | (77/100)
ISO File Writing: |===============     | (78/100)
ISO File Writing: |===============     | (79/100)
ISO File Writing: |================    | (80/100)
ISO File Writing: |================    | (81/100)
ISO File Writing: |================    | (82/100)
ISO File Writing: |================    | (83/100)
ISO File Writing: |================    | (84/100)
ISO File Writing: |=================   | (85/100)
ISO File Writing: |=================   | (86/100)
ISO File Writing: |=================   | (87/100)
ISO File Writing: |=================   | (88/100)
ISO File Writing: |=================   | (89/100)
ISO File Writing: |==================  | (90/100)
ISO File Writing: |==================  | (91/100)
ISO File Writing: |==================  | (92/100)
ISO File Writing: |==================  | (93/100)
ISO File Writing: |==================  | (94/100)
ISO File Writing: |=================== | (95/100)
ISO File Writing: |=================== | (96/100)
ISO File Writing: |=================== | (97/100)
ISO File Writing: |=================== | (98/100)
ISO File Writing: |=================== | (99/100)
                                                        
C:\Program Files (x86)\MarukoToolbox>del "C:\Program Files (x86)\MarukoToolbox\temp\setup_vtemp.mp4" 
C:\Program Files (x86)\MarukoToolbox>del "C:\Program Files (x86)\MarukoToolbox\temp\setup_atemp.mp4" 
C:\Program Files (x86)\MarukoToolbox>echo ===== one file is completed! ===== 
===== one file is completed! =====


===========2019/9/18 15:13:56===========
"C:\Program Files (x86)\MarukoToolbox\tools\ffmpeg.exe" -i "D:\project_plan\cinoart\视频\中英文视频V2.1\unpackage.mp4" -vn -sn -v 0 -c:a pcm_s16le -f wav pipe:|"C:\Program Files (x86)\MarukoToolbox\tools\neroAacEnc.exe" -ignorelength -lc -br 128000 -if - -of "C:\Program Files (x86)\MarukoToolbox\temp\unpackage_atemp.mp4"
"C:\Program Files (x86)\MarukoToolbox\tools\x264_32-8bit.exe" --crf 23.5 --preset 8  -I 300 -r 4 -b 3 --me umh -i 1 --scenecut 60 -f 1:1 --qcomp 0.5 --psy-rd 0.3:0 --aq-mode 2 --aq-strength 0.8 -o "C:\Program Files (x86)\MarukoToolbox\temp\unpackage_vtemp.mp4" "D:\project_plan\cinoart\视频\中英文视频V2.1\unpackage.mp4"
"C:\Program Files (x86)\MarukoToolbox\tools\mp4box.exe" -add "C:\Program Files (x86)\MarukoToolbox\temp\unpackage_vtemp.mp4#trackID=1:name=" -add "C:\Program Files (x86)\MarukoToolbox\temp\unpackage_atemp.mp4#trackID=1:name=" -new "D:\project_plan\cinoart\视频\中英文视频V2.1\unpackage_x264.mp4"

del "C:\Program Files (x86)\MarukoToolbox\temp\unpackage_vtemp.mp4"
del "C:\Program Files (x86)\MarukoToolbox\temp\unpackage_atemp.mp4"

echo ===== one file is completed! =====


===========2019/9/18 15:16:25===========
C:\Program Files (x86)\MarukoToolbox>"C:\Program Files (x86)\MarukoToolbox\tools\ffmpeg.exe" -i "D:\project_plan\cinoart\视频\中英文视频V2.1\unpackage.mp4" -vn -sn -v 0 -c:a pcm_s16le -f wav pipe:  | "C:\Program Files (x86)\MarukoToolbox\tools\neroAacEnc.exe" -ignorelength -lc -br 128000 -if - -of "C:\Program Files (x86)\MarukoToolbox\temp\unpackage_atemp.mp4" 
*************************************************************
*                                                           *
*  Nero AAC Encoder                                         *
*  Copyright 2009 Nero AG                                   *
*  All Rights Reserved Worldwide                            *
*                                                           *
*  Package build date: Feb 18 2010                          *
*  Package version:    1.5.4.0                              *
*                                                           *
*  See -help for a complete list of available parameters.   *
*                                                           *
*************************************************************
C:\Program Files (x86)\MarukoToolbox>"C:\Program Files (x86)\MarukoToolbox\tools\x264_32-8bit.exe" --crf 23.5 --preset 8  -I 300 -r 4 -b 3 --me umh -i 1 --scenecut 60 -f 1:1 --qcomp 0.5 --psy-rd 0.3:0 --aq-mode 2 --aq-strength 0.8 -o "C:\Program Files (x86)\MarukoToolbox\temp\unpackage_vtemp.mp4" "D:\project_plan\cinoart\视频\中英文视频V2.1\unpackage.mp4" 
[info]: indexing input file [0.4%]  
                                    
ffms [info]: 
 Format    : mov,mp4,m4a,3gp,3g2,mj2
 Codec     : h264
 PixFmt    : yuv420p
 Framerate : 30/1
 Timebase  : 1000/30000000
 Duration  : 0:01:40
ffms [info]: 1280x720p 0:1 @ 30/1 fps (vfr)
ffms [info]: color matrix: bt709
x264 [info]: using cpu capabilities: MMX2 SSE2Fast SSSE3 SSE4.2 AVX FMA3 AVX2 LZCNT BMI2
x264 [info]: AVC Encoder x264 core 148 r2721+46 0c4b09a xiaowan [8-bit@all X86]
x264 [info]: profile: High, level: 3.1, subsampling: 4:2:0, bit-depth: 8-bit
x264 [info]: cabac=1 ref=4 deblock=1:1:1 analyse=0x3:0x133 me=umh subme=10 psy=1 fade_compensate=0.00 psy_rd=0.30:0.00 mixed_ref=1 me_range=24 chroma_me=1 trellis=2 8x8dct=1 cqm=0 deadzone=21,11 fast_pskip=1 chroma_qp_offset=-2 threads=6 lookahead_threads=1 sliced_threads=0 nr=0 decimate=1 interlaced=0 bluray_compat=0 constrained_intra=0 fgo=0 bframes=3 b_pyramid=2 b_adapt=2 b_bias=0 direct=3 weightb=1 open_gop=0 weightp=2 keyint=300 keyint_min=1 scenecut=60 intra_refresh=0 rc_lookahead=60 rc=crf mbtree=1 crf=23.5000 qcomp=0.50 qpmin=0:0:0 qpmax=69:69:69 qpstep=4 ip_ratio=1.40 aq=2:0.80 aq-sensitivity=10.00 aq-factor=1.00:1.00:1.00 aq2=0 aq3=0
x264 [info]: started at Wed Sep 18 15:13:59 2019
                                                                                                                       
x264 [info]: frame I:22    Avg QP:17.40  size: 55521
x264 [info]: frame P:855   Avg QP:22.09  size:  4053
x264 [info]: frame B:2124  Avg QP:29.03  size:   621
x264 [info]: consecutive B-frames:  3.6%  4.1%  5.8% 86.5%
x264 [info]: mb I  I16..4: 24.5% 55.8% 19.7%
x264 [info]: mb P  I16..4:  9.2%  7.3%  0.6%  P16..4: 11.3%  1.7%  1.1%  0.1%  0.0%    skip:68.7%
x264 [info]: mb B  I16..4:  0.4%  0.4%  0.0%  B16..8:  7.5%  0.6%  0.1%  direct: 0.2%  skip:90.8%  L0:40.6% L1:56.2% BI: 3.1%
x264 [info]: 8x8 transform intra:44.6% inter:72.1%
x264 [info]: direct mvs  spatial:95.7% temporal:4.3%
x264 [info]: coded y,uvDC,uvAC intra: 18.3% 22.4% 5.5% inter: 1.3% 1.0% 0.0%
x264 [info]: i16 v,h,dc,p: 34% 25% 12% 29%
x264 [info]: i8 v,h,dc,ddl,ddr,vr,hd,vl,hu: 22% 12% 42%  4%  3%  4%  4%  4%  4%
x264 [info]: i4 v,h,dc,ddl,ddr,vr,hd,vl,hu: 26% 20% 17%  6%  6%  6%  7%  5%  7%
x264 [info]: i8c dc,h,v,p: 67% 18% 12%  3%
x264 [info]: Weighted P-Frames: Y:97.8% UV:3.3%
x264 [info]: ref P L0: 60.5% 13.9% 18.3%  6.6%  0.5%  0.1%
x264 [info]: ref B L0: 89.0%  8.5%  2.5%
x264 [info]: ref B L1: 96.5%  3.5%
x264 [info]: kb/s:480.23
                                                        
encoded 3001 frames, 20.64 fps, 480.30 kb/s, 5.73 MB
x264 [info]: ended at Wed Sep 18 15:16:24 2019
x264 [info]: encoding duration 0:02:25
C:\Program Files (x86)\MarukoToolbox>"C:\Program Files (x86)\MarukoToolbox\tools\mp4box.exe" -add "C:\Program Files (x86)\MarukoToolbox\temp\unpackage_vtemp.mp4#trackID=1:name=" -add "C:\Program Files (x86)\MarukoToolbox\temp\unpackage_atemp.mp4#trackID=1:name=" -new "D:\project_plan\cinoart\视频\中英文视频V2.1\unpackage_x264.mp4" 
IsoMedia import unpackage_vtemp.mp4 - track ID 1 - Video (size 1280 x 720)
Importing ISO File: |                    | (01/100)
Importing ISO File: |                    | (02/100)
Importing ISO File: |                    | (03/100)
Importing ISO File: |                    | (04/100)
Importing ISO File: |=                   | (05/100)
Importing ISO File: |=                   | (06/100)
Importing ISO File: |=                   | (07/100)
Importing ISO File: |=                   | (08/100)
Importing ISO File: |=                   | (09/100)
Importing ISO File: |==                  | (10/100)
Importing ISO File: |==                  | (11/100)
Importing ISO File: |==                  | (12/100)
Importing ISO File: |==                  | (13/100)
Importing ISO File: |==                  | (14/100)
Importing ISO File: |===                 | (15/100)
Importing ISO File: |===                 | (16/100)
Importing ISO File: |===                 | (17/100)
Importing ISO File: |===                 | (18/100)
Importing ISO File: |===                 | (19/100)
Importing ISO File: |====                | (20/100)
Importing ISO File: |====                | (21/100)
Importing ISO File: |====                | (22/100)
Importing ISO File: |====                | (23/100)
Importing ISO File: |====                | (24/100)
Importing ISO File: |=====               | (25/100)
Importing ISO File: |=====               | (26/100)
Importing ISO File: |=====               | (27/100)
Importing ISO File: |=====               | (28/100)
Importing ISO File: |=====               | (29/100)
Importing ISO File: |======              | (30/100)
Importing ISO File: |======              | (31/100)
Importing ISO File: |======              | (32/100)
Importing ISO File: |======              | (33/100)
Importing ISO File: |======              | (34/100)
Importing ISO File: |=======             | (35/100)
Importing ISO File: |=======             | (36/100)
Importing ISO File: |=======             | (37/100)
Importing ISO File: |=======             | (38/100)
Importing ISO File: |=======             | (39/100)
Importing ISO File: |========            | (40/100)
Importing ISO File: |========            | (41/100)
Importing ISO File: |========            | (42/100)
Importing ISO File: |========            | (43/100)
Importing ISO File: |========            | (44/100)
Importing ISO File: |=========           | (45/100)
Importing ISO File: |=========           | (46/100)
Importing ISO File: |=========           | (47/100)
Importing ISO File: |=========           | (48/100)
Importing ISO File: |=========           | (49/100)
Importing ISO File: |==========          | (50/100)
Importing ISO File: |==========          | (51/100)
Importing ISO File: |==========          | (52/100)
Importing ISO File: |==========          | (53/100)
Importing ISO File: |==========          | (54/100)
Importing ISO File: |===========         | (55/100)
Importing ISO File: |===========         | (56/100)
Importing ISO File: |===========         | (57/100)
Importing ISO File: |===========         | (58/100)
Importing ISO File: |===========         | (59/100)
Importing ISO File: |============        | (60/100)
Importing ISO File: |============        | (61/100)
Importing ISO File: |============        | (62/100)
Importing ISO File: |============        | (63/100)
Importing ISO File: |============        | (64/100)
Importing ISO File: |=============       | (65/100)
Importing ISO File: |=============       | (66/100)
Importing ISO File: |=============       | (67/100)
Importing ISO File: |=============       | (68/100)
Importing ISO File: |=============       | (69/100)
Importing ISO File: |==============      | (70/100)
Importing ISO File: |==============      | (71/100)
Importing ISO File: |==============      | (72/100)
Importing ISO File: |==============      | (73/100)
Importing ISO File: |==============      | (74/100)
Importing ISO File: |===============     | (75/100)
Importing ISO File: |===============     | (76/100)
Importing ISO File: |===============     | (77/100)
Importing ISO File: |===============     | (78/100)
Importing ISO File: |===============     | (79/100)
Importing ISO File: |================    | (80/100)
Importing ISO File: |================    | (81/100)
Importing ISO File: |================    | (82/100)
Importing ISO File: |================    | (83/100)
Importing ISO File: |================    | (84/100)
Importing ISO File: |=================   | (85/100)
Importing ISO File: |=================   | (86/100)
Importing ISO File: |=================   | (87/100)
Importing ISO File: |=================   | (88/100)
Importing ISO File: |=================   | (89/100)
Importing ISO File: |==================  | (90/100)
Importing ISO File: |==================  | (91/100)
Importing ISO File: |==================  | (92/100)
Importing ISO File: |==================  | (93/100)
Importing ISO File: |==================  | (94/100)
Importing ISO File: |=================== | (95/100)
Importing ISO File: |=================== | (96/100)
Importing ISO File: |=================== | (97/100)
Importing ISO File: |=================== | (98/100)
Importing ISO File: |=================== | (99/100)
                                                          
IsoMedia import unpackage_atemp.mp4 - track ID 1 - Audio (SR 48000 - 2 channels)
Importing ISO File: |                    | (01/100)
Importing ISO File: |                    | (02/100)
Importing ISO File: |                    | (03/100)
Importing ISO File: |                    | (04/100)
Importing ISO File: |=                   | (05/100)
Importing ISO File: |=                   | (06/100)
Importing ISO File: |=                   | (07/100)
Importing ISO File: |=                   | (08/100)
Importing ISO File: |=                   | (09/100)
Importing ISO File: |==                  | (10/100)
Importing ISO File: |==                  | (11/100)
Importing ISO File: |==                  | (12/100)
Importing ISO File: |==                  | (13/100)
Importing ISO File: |==                  | (14/100)
Importing ISO File: |===                 | (15/100)
Importing ISO File: |===                 | (16/100)
Importing ISO File: |===                 | (17/100)
Importing ISO File: |===                 | (18/100)
Importing ISO File: |===                 | (19/100)
Importing ISO File: |====                | (20/100)
Importing ISO File: |====                | (21/100)
Importing ISO File: |====                | (22/100)
Importing ISO File: |====                | (23/100)
Importing ISO File: |====                | (24/100)
Importing ISO File: |=====               | (25/100)
Importing ISO File: |=====               | (26/100)
Importing ISO File: |=====               | (27/100)
Importing ISO File: |=====               | (28/100)
Importing ISO File: |=====               | (29/100)
Importing ISO File: |======              | (30/100)
Importing ISO File: |======              | (31/100)
Importing ISO File: |======              | (32/100)
Importing ISO File: |======              | (33/100)
Importing ISO File: |======              | (34/100)
Importing ISO File: |=======             | (35/100)
Importing ISO File: |=======             | (36/100)
Importing ISO File: |=======             | (37/100)
Importing ISO File: |=======             | (38/100)
Importing ISO File: |=======             | (39/100)
Importing ISO File: |========            | (40/100)
Importing ISO File: |========            | (41/100)
Importing ISO File: |========            | (42/100)
Importing ISO File: |========            | (43/100)
Importing ISO File: |========            | (44/100)
Importing ISO File: |=========           | (45/100)
Importing ISO File: |=========           | (46/100)
Importing ISO File: |=========           | (47/100)
Importing ISO File: |=========           | (48/100)
Importing ISO File: |=========           | (49/100)
Importing ISO File: |==========          | (50/100)
Importing ISO File: |==========          | (51/100)
Importing ISO File: |==========          | (52/100)
Importing ISO File: |==========          | (53/100)
Importing ISO File: |==========          | (54/100)
Importing ISO File: |===========         | (55/100)
Importing ISO File: |===========         | (56/100)
Importing ISO File: |===========         | (57/100)
Importing ISO File: |===========         | (58/100)
Importing ISO File: |===========         | (59/100)
Importing ISO File: |============        | (60/100)
Importing ISO File: |============        | (61/100)
Importing ISO File: |============        | (62/100)
Importing ISO File: |============        | (63/100)
Importing ISO File: |============        | (64/100)
Importing ISO File: |=============       | (65/100)
Importing ISO File: |=============       | (66/100)
Importing ISO File: |=============       | (67/100)
Importing ISO File: |=============       | (68/100)
Importing ISO File: |=============       | (69/100)
Importing ISO File: |==============      | (70/100)
Importing ISO File: |==============      | (71/100)
Importing ISO File: |==============      | (72/100)
Importing ISO File: |==============      | (73/100)
Importing ISO File: |==============      | (74/100)
Importing ISO File: |===============     | (75/100)
Importing ISO File: |===============     | (76/100)
Importing ISO File: |===============     | (77/100)
Importing ISO File: |===============     | (78/100)
Importing ISO File: |===============     | (79/100)
Importing ISO File: |================    | (80/100)
Importing ISO File: |================    | (81/100)
Importing ISO File: |================    | (82/100)
Importing ISO File: |================    | (83/100)
Importing ISO File: |================    | (84/100)
Importing ISO File: |=================   | (85/100)
Importing ISO File: |=================   | (86/100)
Importing ISO File: |=================   | (87/100)
Importing ISO File: |=================   | (88/100)
Importing ISO File: |=================   | (89/100)
Importing ISO File: |==================  | (90/100)
Importing ISO File: |==================  | (91/100)
Importing ISO File: |==================  | (92/100)
Importing ISO File: |==================  | (93/100)
Importing ISO File: |==================  | (94/100)
Importing ISO File: |=================== | (95/100)
Importing ISO File: |=================== | (96/100)
Importing ISO File: |=================== | (97/100)
Importing ISO File: |=================== | (98/100)
Importing ISO File: |=================== | (99/100)
                                                          
Saving D:\project_plan\cinoart\视频\中英文视频V2.1\unpackage_x264.mp4: 0.500 secs Interleaving
ISO File Writing: |                    | (01/100)
ISO File Writing: |                    | (02/100)
ISO File Writing: |                    | (03/100)
ISO File Writing: |                    | (04/100)
ISO File Writing: |=                   | (05/100)
ISO File Writing: |=                   | (06/100)
ISO File Writing: |=                   | (07/100)
ISO File Writing: |=                   | (08/100)
ISO File Writing: |=                   | (09/100)
ISO File Writing: |==                  | (10/100)
ISO File Writing: |==                  | (11/100)
ISO File Writing: |==                  | (12/100)
ISO File Writing: |==                  | (13/100)
ISO File Writing: |==                  | (14/100)
ISO File Writing: |===                 | (15/100)
ISO File Writing: |===                 | (16/100)
ISO File Writing: |===                 | (17/100)
ISO File Writing: |===                 | (18/100)
ISO File Writing: |===                 | (19/100)
ISO File Writing: |====                | (20/100)
ISO File Writing: |====                | (21/100)
ISO File Writing: |====                | (22/100)
ISO File Writing: |====                | (23/100)
ISO File Writing: |====                | (24/100)
ISO File Writing: |=====               | (25/100)
ISO File Writing: |=====               | (26/100)
ISO File Writing: |=====               | (27/100)
ISO File Writing: |=====               | (28/100)
ISO File Writing: |=====               | (29/100)
ISO File Writing: |======              | (30/100)
ISO File Writing: |======              | (31/100)
ISO File Writing: |======              | (32/100)
ISO File Writing: |======              | (33/100)
ISO File Writing: |======              | (34/100)
ISO File Writing: |=======             | (35/100)
ISO File Writing: |=======             | (36/100)
ISO File Writing: |=======             | (37/100)
ISO File Writing: |=======             | (38/100)
ISO File Writing: |=======             | (39/100)
ISO File Writing: |========            | (40/100)
ISO File Writing: |========            | (41/100)
ISO File Writing: |========            | (42/100)
ISO File Writing: |========            | (43/100)
ISO File Writing: |========            | (44/100)
ISO File Writing: |=========           | (45/100)
ISO File Writing: |=========           | (46/100)
ISO File Writing: |=========           | (47/100)
ISO File Writing: |=========           | (48/100)
ISO File Writing: |=========           | (49/100)
ISO File Writing: |==========          | (50/100)
ISO File Writing: |==========          | (51/100)
ISO File Writing: |==========          | (52/100)
ISO File Writing: |==========          | (53/100)
ISO File Writing: |==========          | (54/100)
ISO File Writing: |===========         | (55/100)
ISO File Writing: |===========         | (56/100)
ISO File Writing: |===========         | (57/100)
ISO File Writing: |===========         | (58/100)
ISO File Writing: |===========         | (59/100)
ISO File Writing: |============        | (60/100)
ISO File Writing: |============        | (61/100)
ISO File Writing: |============        | (62/100)
ISO File Writing: |============        | (63/100)
ISO File Writing: |============        | (64/100)
ISO File Writing: |=============       | (65/100)
ISO File Writing: |=============       | (66/100)
ISO File Writing: |=============       | (67/100)
ISO File Writing: |=============       | (68/100)
ISO File Writing: |=============       | (69/100)
ISO File Writing: |==============      | (70/100)
ISO File Writing: |==============      | (71/100)
ISO File Writing: |==============      | (72/100)
ISO File Writing: |==============      | (73/100)
ISO File Writing: |==============      | (74/100)
ISO File Writing: |===============     | (75/100)
ISO File Writing: |===============     | (76/100)
ISO File Writing: |===============     | (77/100)
ISO File Writing: |===============     | (78/100)
ISO File Writing: |===============     | (79/100)
ISO File Writing: |================    | (80/100)
ISO File Writing: |================    | (81/100)
ISO File Writing: |================    | (82/100)
ISO File Writing: |================    | (83/100)
ISO File Writing: |================    | (84/100)
ISO File Writing: |=================   | (85/100)
ISO File Writing: |=================   | (86/100)
ISO File Writing: |=================   | (87/100)
ISO File Writing: |=================   | (88/100)
ISO File Writing: |=================   | (89/100)
ISO File Writing: |==================  | (90/100)
ISO File Writing: |==================  | (91/100)
ISO File Writing: |==================  | (92/100)
ISO File Writing: |==================  | (93/100)
ISO File Writing: |==================  | (94/100)
ISO File Writing: |=================== | (95/100)
ISO File Writing: |=================== | (96/100)
ISO File Writing: |=================== | (97/100)
ISO File Writing: |=================== | (98/100)
ISO File Writing: |=================== | (99/100)
                                                        
C:\Program Files (x86)\MarukoToolbox>del "C:\Program Files (x86)\MarukoToolbox\temp\unpackage_vtemp.mp4" 
C:\Program Files (x86)\MarukoToolbox>del "C:\Program Files (x86)\MarukoToolbox\temp\unpackage_atemp.mp4" 
C:\Program Files (x86)\MarukoToolbox>echo ===== one file is completed! ===== 
===== one file is completed! =====


